
The following files have been resolved:
   org.springframework.security:spring-security-web:jar:4.1.3.RELEASE:compile
   org.springframework.boot:spring-boot-starter-actuator:jar:1.4.2.RELEASE:compile
   org.javassist:javassist:jar:3.20.0-GA:compile
   com.jcabi:jcabi-http:jar:1.10.2:compile
   org.slf4j:jul-to-slf4j:jar:1.7.21:compile
   org.codehaus.groovy:groovy:jar:2.4.7:compile
   aopalliance:aopalliance:jar:1.0:compile
   org.springframework.boot:spring-boot-starter-tomcat:jar:1.4.2.RELEASE:compile
   org.hibernate:hibernate-validator:jar:5.2.4.Final:compile
   org.apache.httpcomponents:httpmime:jar:4.5.2:compile
   org.aspectj:aspectjrt:jar:1.8.9:compile
   org.hibernate.common:hibernate-commons-annotations:jar:5.0.1.Final:compile
   org.springframework.boot:spring-boot-starter-data-jpa:jar:1.4.2.RELEASE:compile
   org.apache.httpcomponents:httpcore:jar:4.4.5:compile
   antlr:antlr:jar:2.7.7:compile
   org.postgresql:postgresql:jar:9.4.1212.jre7:compile
   xml-apis:xml-apis:jar:1.4.01:compile
   nz.net.ultraq.thymeleaf:thymeleaf-layout-dialect:jar:1.4.0:compile
   org.springframework.data:spring-data-jpa:jar:1.10.5.RELEASE:compile
   org.yaml:snakeyaml:jar:1.17:runtime
   org.springframework.security:spring-security-test:jar:4.1.3.RELEASE:compile
   org.apache.httpcomponents:httpclient:jar:4.5.2:compile
   org.apache.tomcat.embed:tomcat-embed-core:jar:8.5.6:compile
   org.springframework:spring-beans:jar:4.3.4.RELEASE:compile
   com.jcabi:jcabi-w3c:jar:1.3:compile
   org.springframework:spring-webmvc:jar:4.3.4.RELEASE:compile
   org.springframework.boot:spring-boot-starter-aop:jar:1.4.2.RELEASE:compile
   commons-dbcp:commons-dbcp:jar:1.4:compile
   org.springframework.boot:spring-boot-starter-jdbc:jar:1.4.2.RELEASE:compile
   org.springframework.data:spring-data-commons:jar:1.12.5.RELEASE:compile
   org.springframework:spring-core:jar:4.3.4.RELEASE:compile
   org.apache.commons:commons-lang3:jar:3.5:compile
   com.jcabi:jcabi-manifests:jar:1.1:compile
   org.springframework.boot:spring-boot-starter:jar:1.4.2.RELEASE:compile
   org.springframework:spring-tx:jar:4.3.4.RELEASE:compile
   com.fasterxml.jackson.core:jackson-core:jar:2.8.4:compile
   org.springframework.boot:spring-boot-actuator:jar:1.4.2.RELEASE:compile
   javax.validation:validation-api:jar:1.1.0.Final:compile
   com.jcabi:jcabi-matchers:jar:1.3:compile
   org.springframework:spring-test:jar:4.3.4.RELEASE:compile
   dom4j:dom4j:jar:1.6.1:compile
   org.slf4j:jcl-over-slf4j:jar:1.7.21:compile
   org.slf4j:log4j-over-slf4j:jar:1.7.21:compile
   com.jcabi:jcabi-log:jar:0.17.2:compile
   org.aspectj:aspectjweaver:jar:1.8.9:compile
   org.springframework:spring-orm:jar:4.3.4.RELEASE:compile
   org.springframework.security:spring-security-config:jar:4.1.3.RELEASE:compile
   commons-io:commons-io:jar:2.5:compile
   com.h2database:h2:jar:1.4.193:compile
   org.unbescape:unbescape:jar:1.1.0.RELEASE:compile
   com.jcabi:jcabi-xml:jar:0.17.2:compile
   org.springframework:spring-web:jar:4.3.4.RELEASE:compile
   com.jcabi:jcabi-aspects:jar:0.22.5:compile
   org.apache.tomcat.embed:tomcat-embed-el:jar:8.5.6:compile
   org.hibernate.javax.persistence:hibernate-jpa-2.1-api:jar:1.0.0.Final:compile
   org.springframework:spring-aop:jar:4.3.4.RELEASE:compile
   commons-pool:commons-pool:jar:1.6:compile
   org.thymeleaf:thymeleaf-spring4:jar:2.1.5.RELEASE:compile
   org.apache.tomcat.embed:tomcat-embed-websocket:jar:8.5.6:compile
   org.thymeleaf:thymeleaf:jar:2.1.5.RELEASE:compile
   org.springframework:spring-aspects:jar:4.3.4.RELEASE:compile
   org.springframework.boot:spring-boot-starter-logging:jar:1.4.2.RELEASE:compile
   org.slf4j:slf4j-api:jar:1.7.21:compile
   com.jcabi:jcabi-immutable:jar:1.4:compile
   org.apache.tomcat:tomcat-juli:jar:8.5.6:compile
   org.springframework:spring-jdbc:jar:4.3.4.RELEASE:compile
   org.jboss:jandex:jar:2.0.0.Final:compile
   org.springframework.boot:spring-boot-starter-web:jar:1.4.2.RELEASE:compile
   org.springframework:spring-context:jar:4.3.4.RELEASE:compile
   ognl:ognl:jar:3.0.8:compile
   com.fasterxml.jackson.core:jackson-databind:jar:2.8.4:compile
   org.springframework.security:spring-security-core:jar:4.1.3.RELEASE:compile
   org.hibernate:hibernate-core:jar:5.0.11.Final:compile
   javax.transaction:javax.transaction-api:jar:1.2:compile
   org.springframework.boot:spring-boot-autoconfigure:jar:1.4.2.RELEASE:compile
   ch.qos.logback:logback-classic:jar:1.1.7:compile
   org.apache.tomcat:tomcat-jdbc:jar:8.5.6:compile
   org.springframework.boot:spring-boot:jar:1.4.2.RELEASE:compile
   org.springframework:spring-expression:jar:4.3.4.RELEASE:compile
   ch.qos.logback:logback-core:jar:1.1.7:compile
   com.fasterxml:classmate:jar:1.3.3:compile
   org.hibernate:hibernate-entitymanager:jar:5.0.11.Final:compile
   org.springframework.boot:spring-boot-starter-security:jar:1.4.2.RELEASE:compile
   org.springframework.boot:spring-boot-starter-thymeleaf:jar:1.4.2.RELEASE:compile
   org.jboss.logging:jboss-logging:jar:3.3.0.Final:compile
   com.fasterxml.jackson.core:jackson-annotations:jar:2.8.4:compile

